2018-07-30 11:43:47 - Loaded expression factory via original TCCL
2018-07-30 11:43:47 - Starting AnagrafeTerritorioApplication on NBRM0071 with PID 10180 (C:\Users\Prisma\git\istat\target\classes started by Prisma in C:\Users\Prisma\git\istat)
2018-07-30 11:43:47 - Running with Spring Boot v2.0.3.RELEASE, Spring v5.0.7.RELEASE
2018-07-30 11:43:47 - The following profiles are active: dev
2018-07-30 11:43:49 - Initializing ProtocolHandler ["http-nio-9092"]
2018-07-30 11:43:49 - Starting service [Tomcat]
2018-07-30 11:43:49 - Starting Servlet Engine: Apache Tomcat/8.5.31
2018-07-30 11:43:49 - The APR based Apache Tomcat Native library which allows optimal performance in production environments was not found on the java.library.path: [C:\Program Files\Java\jdk1.8.0_144\bin;C:\WINDOWS\Sun\Java\bin;C:\WINDOWS\system32;C:\WINDOWS;C:/Program Files/Java/jre1.8.0_141/bin/server;C:/Program Files/Java/jre1.8.0_141/bin;C:/Program Files/Java/jre1.8.0_141/lib/amd64;C:\oraclexe\app\oracle\product\11.2.0\server\bin;;C:\Users\Prisma\instantclient_12_2;C:\ProgramData\Oracle\Java\javapath;C:\WINDOWS\system32;C:\WINDOWS;C:\WINDOWS\System32\Wbem;C:\WINDOWS\System32\WindowsPowerShell\v1.0\;C:\Program Files\OpenVPN\bin;C:\Program Files\PuTTY\;C:\Program Files (x86)\Infocert\DiKe 6\RAO;C:\Program Files (x86)\Yarn\bin;C:\Program Files\MySQL\MySQL Utilities 1.6\;C:\Program Files\Git\cmd;C:\Program Files\nodejs\;C:\Users\Prisma\.m2\istallazioni\apache-maven-3.5.2\bin;C:\Program Files\Java\jdk1.8.0_144\bin;C:\Program Files\Java\jdk1.8.0_144\bin;C:\WINDOWS\System32\OpenSSH\;C:\ProgramData\chocolatey\bin;C:\Program Files\OpenSSH-Win64;C:\Users\Prisma\instantclient_12_2;C:\Users\Prisma\AppData\Local\Microsoft\WindowsApps;C:\Users\Prisma\AppData\Local\GitHubDesktop\bin;C:\Users\Prisma\AppData\Local\Microsoft\WindowsApps;C:\Program Files\Heroku\bin;C:\Users\Prisma\AppData\Local\Yarn\bin;C:\Users\Prisma\AppData\Roaming\npm;C:\Program Files\Java\jdk1.8.0_144\bin;C:\Program Files\Java\jdk1.8.0_144\bin;;C:\WINDOWS\System32;;.]
2018-07-30 11:43:49 - Initializing Spring embedded WebApplicationContext
2018-07-30 11:43:49 - Root WebApplicationContext: initialization completed in 2198 ms
2018-07-30 11:43:49 - Driver class com.mysql.jdbc.Driver found in Thread context class loader TomcatEmbeddedWebappClassLoader
  context: api-in
  delegate: true
----------> Parent Classloader:
sun.misc.Launcher$AppClassLoader@764c12b6

2018-07-30 11:43:50 - HikariPool-1 - configuration:
2018-07-30 11:43:50 - allowPoolSuspension.............false
2018-07-30 11:43:50 - autoCommit......................true
2018-07-30 11:43:50 - catalog.........................none
2018-07-30 11:43:50 - connectionInitSql...............none
2018-07-30 11:43:50 - connectionTestQuery.............none
2018-07-30 11:43:50 - connectionTimeout...............30000
2018-07-30 11:43:50 - dataSource......................none
2018-07-30 11:43:50 - dataSourceClassName.............none
2018-07-30 11:43:50 - dataSourceJNDI..................none
2018-07-30 11:43:50 - dataSourceProperties............{password=<masked>}
2018-07-30 11:43:50 - driverClassName................."com.mysql.jdbc.Driver"
2018-07-30 11:43:50 - healthCheckProperties...........{}
2018-07-30 11:43:50 - healthCheckRegistry.............none
2018-07-30 11:43:50 - idleTimeout.....................600000
2018-07-30 11:43:50 - initializationFailFast..........true
2018-07-30 11:43:50 - initializationFailTimeout.......1
2018-07-30 11:43:50 - isolateInternalQueries..........false
2018-07-30 11:43:50 - jdbc4ConnectionTest.............false
2018-07-30 11:43:50 - jdbcUrl.........................jdbc:mysql://db.cercamister.it:3306/DB-ISTAT-0g3218ei-s440
2018-07-30 11:43:50 - leakDetectionThreshold..........0
2018-07-30 11:43:50 - maxLifetime.....................1800000
2018-07-30 11:43:50 - maximumPoolSize.................2
2018-07-30 11:43:50 - metricRegistry..................none
2018-07-30 11:43:50 - metricsTrackerFactory...........com.zaxxer.hikari.metrics.micrometer.MicrometerMetricsTrackerFactory@10a0fe30
2018-07-30 11:43:50 - minimumIdle.....................2
2018-07-30 11:43:50 - password........................<masked>
2018-07-30 11:43:50 - poolName........................"HikariPool-1"
2018-07-30 11:43:50 - readOnly........................false
2018-07-30 11:43:50 - registerMbeans..................false
2018-07-30 11:43:50 - scheduledExecutor...............none
2018-07-30 11:43:50 - scheduledExecutorService........internal
2018-07-30 11:43:50 - schema..........................none
2018-07-30 11:43:50 - threadFactory...................internal
2018-07-30 11:43:50 - transactionIsolation............default
2018-07-30 11:43:50 - username........................"root"
2018-07-30 11:43:50 - validationTimeout...............5000
2018-07-30 11:43:50 - HikariPool-1 - Starting...
2018-07-30 11:43:51 - HikariPool-1 - Added connection com.mysql.jdbc.JDBC4Connection@a098d76
2018-07-30 11:43:51 - HikariPool-1 - Start completed.
2018-07-30 11:43:51 - HikariPool-1 - Pool stats (total=1, active=0, idle=1, waiting=0)
2018-07-30 11:43:52 - HikariPool-1 - Added connection com.mysql.jdbc.JDBC4Connection@784d858c
2018-07-30 11:43:52 - HikariPool-1 - After adding stats (total=2, active=0, idle=2, waiting=0)
2018-07-30 11:43:53 - Mapped "{[/territorio/provincie/{codiceRegione}],methods=[GET]}" onto public java.util.List<it.cercamister.dto.ProvinciaDTO> it.cercamister.controller.rest.IstatRestController.listaProvinciaDTO(java.lang.String)
2018-07-30 11:43:53 - Mapped "{[/territorio/comuni/{codiceProvincia}],methods=[GET]}" onto public java.util.List<it.cercamister.dto.ComuneDTO> it.cercamister.controller.rest.IstatRestController.listaComuneDTO(java.lang.String)
2018-07-30 11:43:53 - Mapped "{[/territorio/regioni],methods=[GET]}" onto public java.util.List<it.cercamister.dto.RegioneDTO> it.cercamister.controller.rest.IstatRestController.listaRegioneDTO()
2018-07-30 11:43:53 - Mapped "{[/swagger-resources/configuration/ui]}" onto public org.springframework.http.ResponseEntity<springfox.documentation.swagger.web.UiConfiguration> springfox.documentation.swagger.web.ApiResourceController.uiConfiguration()
2018-07-30 11:43:53 - Mapped "{[/swagger-resources]}" onto public org.springframework.http.ResponseEntity<java.util.List<springfox.documentation.swagger.web.SwaggerResource>> springfox.documentation.swagger.web.ApiResourceController.swaggerResources()
2018-07-30 11:43:53 - Mapped "{[/swagger-resources/configuration/security]}" onto public org.springframework.http.ResponseEntity<springfox.documentation.swagger.web.SecurityConfiguration> springfox.documentation.swagger.web.ApiResourceController.securityConfiguration()
2018-07-30 11:43:53 - Mapped "{[/error]}" onto public org.springframework.http.ResponseEntity<java.util.Map<java.lang.String, java.lang.Object>> org.springframework.boot.autoconfigure.web.servlet.error.BasicErrorController.error(javax.servlet.http.HttpServletRequest)
2018-07-30 11:43:53 - Mapped "{[/error],produces=[text/html]}" onto public org.springframework.web.servlet.ModelAndView org.springframework.boot.autoconfigure.web.servlet.error.BasicErrorController.errorHtml(javax.servlet.http.HttpServletRequest,javax.servlet.http.HttpServletResponse)
2018-07-30 11:43:53 - initialising the handler methods
2018-07-30 11:43:53 - Mapped URL path [/v2/api-docs] onto method [public org.springframework.http.ResponseEntity<springfox.documentation.spring.web.json.Json> springfox.documentation.swagger2.web.Swagger2Controller.getDocumentation(java.lang.String,javax.servlet.http.HttpServletRequest)]
2018-07-30 11:43:53 - Mapped URL path [/**/favicon.ico] onto handler of type [class org.springframework.web.servlet.resource.ResourceHttpRequestHandler]
2018-07-30 11:43:54 - Looking for @ControllerAdvice: org.springframework.boot.web.servlet.context.AnnotationConfigServletWebServerApplicationContext@5b8dfcc1: startup date [Mon Jul 30 11:43:47 CEST 2018]; root of context hierarchy
2018-07-30 11:43:54 - Mapped URL path [/webjars/**] onto handler of type [class org.springframework.web.servlet.resource.ResourceHttpRequestHandler]
2018-07-30 11:43:54 - Mapped URL path [/**] onto handler of type [class org.springframework.web.servlet.resource.ResourceHttpRequestHandler]
2018-07-30 11:43:54 - Detected @ExceptionHandler methods in istatControllerAdvice
2018-07-30 11:43:54 - Context refreshed
2018-07-30 11:43:54 - Found 1 custom documentation plugin(s)
2018-07-30 11:43:54 - Scanning for api listing references
2018-07-30 11:43:54 - Starting ProtocolHandler ["http-nio-9092"]
2018-07-30 11:43:54 - Using a shared selector for servlet write/read
2018-07-30 11:43:54 - Started AnagrafeTerritorioApplication in 8.167 seconds (JVM running for 9.366)
2018-07-30 11:44:21 - HikariPool-1 - Pool stats (total=2, active=0, idle=2, waiting=0)
2018-07-30 11:44:51 - HikariPool-1 - Pool stats (total=2, active=0, idle=2, waiting=0)
2018-07-30 11:45:21 - HikariPool-1 - Pool stats (total=2, active=0, idle=2, waiting=0)
2018-07-30 11:45:51 - HikariPool-1 - Pool stats (total=2, active=0, idle=2, waiting=0)
2018-07-30 11:46:21 - HikariPool-1 - Pool stats (total=2, active=0, idle=2, waiting=0)
2018-07-30 11:46:51 - HikariPool-1 - Pool stats (total=2, active=0, idle=2, waiting=0)
2018-07-30 11:47:07 - HikariPool-1 - Shutdown initiated...
2018-07-30 11:47:07 - HikariPool-1 - Before shutdown stats (total=2, active=0, idle=2, waiting=0)
2018-07-30 11:47:07 - HikariPool-1 - Closing connection com.mysql.jdbc.JDBC4Connection@a098d76: (connection evicted)
2018-07-30 11:47:07 - HikariPool-1 - Closing connection com.mysql.jdbc.JDBC4Connection@784d858c: (connection evicted)
2018-07-30 11:47:07 - HikariPool-1 - After shutdown stats (total=0, active=0, idle=0, waiting=0)
2018-07-30 11:47:07 - HikariPool-1 - Shutdown completed.
